<?xml version='1.0' encoding='UTF-8' ?>
<testsuite name="package" tests="4" failures="2" errors="zero" skipped="zero">
  <properties />
  <testcase name="previewTest1" classname="package" time="2.0">
    <success>Reference image saved</success>
    <properties>
      <property name="reference" value="referencePath" />
    </properties>
  </testcase>
  <testcase name="previewTest1" classname="package" time="2.0">
    <success>Reference image saved</success>
    <properties>
      <property name="reference" value="referencePath" />
    </properties>
  </testcase>
  <testcase name="previewTest3" classname="package" time="0.0">
    <failure>Render error</failure>
    <properties>
      <property name="reference" value="referencePath" />
      <property name="actual" value="Render error: Class XYZ not found" />
    </properties>
  </testcase>
  <testcase name="previewTest2" classname="package" time="2.0">
    <failure>Images don't match</failure>
    <properties>
      <property name="reference" value="referencePath" />
      <property name="actual" value="actualPath" />
      <property name="diff" value="diffPath" />
    </properties>
  </testcase>
</testsuite>
